<?xml version="1.0" encoding="UTF-8"?>
<testng-results ignored="0" total="1" passed="1" failed="0" skipped="0">
  <reporter-output>
  </reporter-output>
  <suite started-at="2024-08-01T23:07:52 IST" name="Default suite" finished-at="2024-08-01T23:09:45 IST" duration-ms="113262">
    <groups>
    </groups>
    <test started-at="2024-08-01T23:07:52 IST" name="Default test" finished-at="2024-08-01T23:09:45 IST" duration-ms="113262">
      <class name="Vtiger.CreateConWthSupportStartEndDate">
        <test-method is-config="true" signature="preCondition()[pri:0, instance:Vtiger.CreateConWthSupportStartEndDate@1cf6d1be]" started-at="2024-08-01T23:07:52 IST" name="preCondition" finished-at="2024-08-01T23:08:18 IST" duration-ms="26718" status="PASS">
          <reporter-output>
          </reporter-output>
        </test-method> <!-- preCondition -->
        <test-method is-config="true" signature="login()[pri:0, instance:Vtiger.CreateConWthSupportStartEndDate@1cf6d1be]" started-at="2024-08-01T23:08:19 IST" name="login" finished-at="2024-08-01T23:08:37 IST" duration-ms="17999" status="PASS">
          <reporter-output>
          </reporter-output>
        </test-method> <!-- login -->
        <test-method signature="startEndDate()[pri:0, instance:Vtiger.CreateConWthSupportStartEndDate@1cf6d1be]" started-at="2024-08-01T23:08:37 IST" name="startEndDate" finished-at="2024-08-01T23:09:45 IST" duration-ms="68348" status="PASS">
          <reporter-output>
          </reporter-output>
        </test-method> <!-- startEndDate -->
      </class> <!-- Vtiger.CreateConWthSupportStartEndDate -->
    </test> <!-- Default test -->
  </suite> <!-- Default suite -->
</testng-results>
